app/build/outputs/logs/manifest-merger-debug-report.txt
-- Merging decision tree log ---
manifest
ADDED from src\main\AndroidManifest.xml:2:1-49:12
	package
		ADDED from src\main\AndroidManifest.xml:3:5-47
		INJECTED from src\main\AndroidManifest.xml
		INJECTED from src\main\AndroidManifest.xml
	android:versionName
		INJECTED from src\main\AndroidManifest.xml
		INJECTED from src\main\AndroidManifest.xml
	xmlns:android
		ADDED from src\main\AndroidManifest.xml:2:11-69
	android:versionCode
		INJECTED from src\main\AndroidManifest.xml
		INJECTED from src\main\AndroidManifest.xml
uses-permission#android.permission.RECORD_AUDIO
ADDED from src\main\AndroidManifest.xml:6:5-71
	android:name
		ADDED from src\main\AndroidManifest.xml:6:22-68
uses-permission#android.permission.READ_CONTACTS
ADDED from src\main\AndroidManifest.xml:7:5-72
	android:name
		ADDED from src\main\AndroidManifest.xml:7:22-69
uses-permission#android.permission.PREVENT_POWER_KEY
ADDED from src\main\AndroidManifest.xml:8:5-76
	android:name
		ADDED from src\main\AndroidManifest.xml:8:22-73
uses-permission#android.permission.RECEIVE_SMS
ADDED from src\main\AndroidManifest.xml:9:5-70
	android:name
		ADDED from src\main\AndroidManifest.xml:9:22-67
uses-permission#android.permission.ACCESS_WIFI_STATE
ADDED from src\main\AndroidManifest.xml:10:5-76
	android:name
		ADDED from src\main\AndroidManifest.xml:10:22-73
uses-permission#android.permission.ACCESS_NETWORK_STATE
ADDED from src\main\AndroidManifest.xml:11:5-79
	android:name
		ADDED from src\main\AndroidManifest.xml:11:22-76
uses-permission#android.permission.SEND_SMS
ADDED from src\main\AndroidManifest.xml:12:5-67
	android:name
		ADDED from src\main\AndroidManifest.xml:12:22-64
uses-permission#android.permission.INTERNET
ADDED from src\main\AndroidManifest.xml:13:5-67
	android:name
		ADDED from src\main\AndroidManifest.xml:13:22-64
uses-permission#android.permission.ACCESS_COARSE_LOCATION
ADDED from src\main\AndroidManifest.xml:14:5-81
	android:name
		ADDED from src\main\AndroidManifest.xml:14:22-78
uses-permission#android.permission.ACCESS_FINE_LOCATION
ADDED from src\main\AndroidManifest.xml:15:5-79
	android:name
		ADDED from src\main\AndroidManifest.xml:15:22-76
uses-permission#android.permission.ACCESS_LOCATION_EXTRA_COMMANDS
ADDED from src\main\AndroidManifest.xml:16:5-89
	android:name
		ADDED from src\main\AndroidManifest.xml:16:22-86
uses-permission#android.permission.WAKE_LOCK
ADDED from src\main\AndroidManifest.xml:17:5-68
	android:name
		ADDED from src\main\AndroidManifest.xml:17:22-65
uses-permission#android.permission.CALL_PHONE
ADDED from src\main\AndroidManifest.xml:18:5-69
	android:name
		ADDED from src\main\AndroidManifest.xml:18:22-66
uses-permission#android.permission.TELEPHONY_MANAGER
ADDED from src\main\AndroidManifest.xml:19:5-76
	android:name
		ADDED from src\main\AndroidManifest.xml:19:22-73
uses-permission#android.permission.VIBRATE
ADDED from src\main\AndroidManifest.xml:20:5-66
	android:name
		ADDED from src\main\AndroidManifest.xml:20:22-63
application
ADDED from src\main\AndroidManifest.xml:23:5-47:19
MERGED from [com.android.support:appcompat-v7:24.2.0] AndroidManifest.xml:25:5-20
MERGED from [com.android.support:support-vector-drawable:24.2.0] AndroidManifest.xml:23:5-20
MERGED from [com.android.support:support-compat:24.2.0] AndroidManifest.xml:25:5-20
MERGED from [com.android.support:animated-vector-drawable:24.2.0] AndroidManifest.xml:22:5-20
MERGED from [com.android.support:support-v4:24.2.0] AndroidManifest.xml:25:5-20
MERGED from [com.android.support:support-core-utils:24.2.0] AndroidManifest.xml:25:5-20
MERGED from [com.android.support:support-media-compat:24.2.0] AndroidManifest.xml:25:5-20
MERGED from [com.android.support:support-core-ui:24.2.0] AndroidManifest.xml:25:5-20
MERGED from [com.android.support:support-fragment:24.2.0] AndroidManifest.xml:25:5-20
	android:label
		ADDED from src\main\AndroidManifest.xml:26:9-41
	android:supportsRtl
		ADDED from src\main\AndroidManifest.xml:27:9-35
	android:allowBackup
		ADDED from src\main\AndroidManifest.xml:24:9-35
	android:icon
		ADDED from src\main\AndroidManifest.xml:25:9-43
	android:theme
		ADDED from src\main\AndroidManifest.xml:28:9-40
activity#com.qaiser.hyra.namazapplication.MainActivity
ADDED from src\main\AndroidManifest.xml:29:9-35:20
	android:name
		ADDED from src\main\AndroidManifest.xml:29:19-47
intent-filter#android.intent.action.MAIN+android.intent.category.LAUNCHER
ADDED from src\main\AndroidManifest.xml:30:13-34:29
action#android.intent.action.MAIN
ADDED from src\main\AndroidManifest.xml:31:17-69
	android:name
		ADDED from src\main\AndroidManifest.xml:31:25-66
category#android.intent.category.LAUNCHER
ADDED from src\main\AndroidManifest.xml:33:17-77
	android:name
		ADDED from src\main\AndroidManifest.xml:33:27-74
activity#com.qaiser.hyra.namazapplication.NamazMenu
ADDED from src\main\AndroidManifest.xml:37:9-39:79
	android:label
		ADDED from src\main\AndroidManifest.xml:39:13-66
	android:name
		ADDED from src\main\AndroidManifest.xml:38:13-38
service#com.qaiser.hyra.namazapplication.VoiceService
ADDED from src\main\AndroidManifest.xml:40:9-45:19
	android:enabled
		ADDED from src\main\AndroidManifest.xml:42:13-35
	android:exported
		ADDED from src\main\AndroidManifest.xml:43:13-36
	android:configChanges
		ADDED from src\main\AndroidManifest.xml:44:13-43
	android:name
		ADDED from src\main\AndroidManifest.xml:41:13-73
uses-sdk
INJECTED from src\main\AndroidManifest.xml reason: use-sdk injection requested
MERGED from [com.android.support:appcompat-v7:24.2.0] AndroidManifest.xml:21:5-23:78
MERGED from [com.android.support:support-vector-drawable:24.2.0] AndroidManifest.xml:21:5-43
MERGED from [com.android.support:support-compat:24.2.0] AndroidManifest.xml:21:5-23:58
MERGED from [com.android.support:animated-vector-drawable:24.2.0] AndroidManifest.xml:20:5-44
MERGED from [com.android.support:support-v4:24.2.0] AndroidManifest.xml:21:5-23:54
MERGED from [com.android.support:support-core-utils:24.2.0] AndroidManifest.xml:21:5-23:61
MERGED from [com.android.support:support-media-compat:24.2.0] AndroidManifest.xml:21:5-23:63
MERGED from [com.android.support:support-core-ui:24.2.0] AndroidManifest.xml:21:5-23:58
MERGED from [com.android.support:support-fragment:24.2.0] AndroidManifest.xml:21:5-23:60
	tools:overrideLibrary
		ADDED from [com.android.support:appcompat-v7:24.2.0] AndroidManifest.xml:23:9-75
	android:targetSdkVersion
		INJECTED from src\main\AndroidManifest.xml
		INJECTED from src\main\AndroidManifest.xml
	android:minSdkVersion
		INJECTED from src\main\AndroidManifest.xml
		INJECTED from src\main\AndroidManifest.xml